<?xml version="1.0" encoding="UTF-8"?>
<!-- Generated by org.testng.reporters.JUnitXMLReporter -->
<testsuite ignored="0" hostname="DESKTOP-PHOTON" failures="0" tests="7" name="Default test" time="16.63" errors="0" timestamp="2022-01-18T21:05:14 IST">
  <testcase classname="testClasses.UrbanLadderHomePage" name="openHomePage" time="8.98"/>
  <testcase classname="testClasses.UrbanLadderHomePage" name="checkVisibilityOfNavbar" time="0.147"/>
  <testcase classname="testClasses.UrbanLadderHomePage" name="testStudyMenu" time="0.257"/>
  <testcase classname="testClasses.UrbanLadderHomePage" name="testStudyChairs" time="0.466"/>
  <testcase classname="testClasses.UrbanLadderHomePage" name="testFurnitureRange" time="0.268"/>
  <testcase classname="testClasses.UrbanLadderHomePage" name="testClickAbilityOfFurnitureRange" time="0.506"/>
  <testcase classname="testClasses.UrbanLadderHomePage" name="goToBookshelves" time="5.932"/>
</testsuite> <!-- Default test -->
