<?xml version="1.0" encoding="UTF-8"?>
<!-- Generated by org.testng.reporters.JUnitXMLReporter -->
<testsuite ignored="0" hostname="DESKTOP-PHOTON" failures="1" tests="13" name="Default test" time="42.896" errors="0" timestamp="2022-01-22T11:52:29 IST">
  <testcase classname="testClasses.UrbanLadderHomePage" name="openHomePage" time="4.688"/>
  <testcase classname="testClasses.UrbanLadderHomePage" name="checkVisibilityOfNavbar" time="0.076"/>
  <testcase classname="testClasses.UrbanLadderHomePage" name="testVisibilityOfBeingAtHome" time="15.962">
    <failure type="org.openqa.selenium.TimeoutException" message="Expected condition failed: waiting for visibility of all [[[ChromeDriver: chrome on WINDOWS (a140325d82c12be470eb1002cbf12092)] -&amp;gt; xpath: //*[@id=&amp;quot;topnav_wrapper&amp;quot;]/ul/li[10]/div/div/ul/li/ul/li/a/span], [[ChromeDriver: chrome on WINDOWS (a140325d82c12be470eb1002cbf12092)] -&amp;gt; xpath: //*[@id=&amp;quot;topnav_wrapper&amp;quot;]/ul/li[10]/div/div/ul/li/ul/li/a/span], [[ChromeDriver: chrome on WINDOWS (a140325d82c12be470eb1002cbf12092)] -&amp;gt; xpath: //*[@id=&amp;quot;topnav_wrapper&amp;quot;]/ul/li[10]/div/div/ul/li/ul/li/a/span], [[ChromeDriver: chrome on WINDOWS (a140325d82c12be470eb1002cbf12092)] -&amp;gt; xpath: //*[@id=&amp;quot;topnav_wrapper&amp;quot;]/ul/li[10]/div/div/ul/li/ul/li/a/span], [[ChromeDriver: chrome on WINDOWS (a140325d82c12be470eb1002cbf12092)] -&amp;gt; xpath: //*[@id=&amp;quot;topnav_wrapper&amp;quot;]/ul/li[10]/div/div/ul/li/ul/li/a/span], [[ChromeDriver: chrome on WINDOWS (a140325d82c12be470eb1002cbf12092)] -&amp;gt; xpath: //*[@id=&amp;quot;topnav_wrapper&amp;quot;]/ul/li[10]/div/div/ul/li/ul/li/a/span], [[ChromeDriver: chrome on WINDOWS (a140325d82c12be470eb1002cbf12092)] -&amp;gt; xpath: //*[@id=&amp;quot;topnav_wrapper&amp;quot;]/ul/li[10]/div/div/ul/li/ul/li/a/span], [[ChromeDriver: chrome on WINDOWS (a140325d82c12be470eb1002cbf12092)] -&amp;gt; xpath: //*[@id=&amp;quot;topnav_wrapper&amp;quot;]/ul/li[10]/div/div/ul/li/ul/li/a/span], [[ChromeDriver: chrome on WINDOWS (a140325d82c12be470eb1002cbf12092)] -&amp;gt; xpath: //*[@id=&amp;quot;topnav_wrapper&amp;quot;]/ul/li[10]/div/div/ul/li/ul/li/a/span], [[ChromeDriver: chrome on WINDOWS (a140325d82c12be470eb1002cbf12092)] -&amp;gt; xpath: //*[@id=&amp;quot;topnav_wrapper&amp;quot;]/ul/li[10]/div/div/ul/li/ul/li/a/span], [[ChromeDriver: chrome on WINDOWS (a140325d82c12be470eb1002cbf12092)] -&amp;gt; xpath: //*[@id=&amp;quot;topnav_wrapper&amp;quot;]/ul/li[10]/div/div/ul/li/ul/li/a/span], [[ChromeDriver: chrome on WINDOWS (a140325d82c12be470eb1002cbf12092)] -&amp;gt; xpath: //*[@id=&amp;quot;topnav_wrapper&amp;quot;]/ul/li[10]/div/div/ul/li/ul/li/a/span], [[ChromeDriver: chrome on WINDOWS (a140325d82c12be470eb1002cbf12092)] -&amp;gt; xpath: //*[@id=&amp;quot;topnav_wrapper&amp;quot;]/ul/li[10]/div/div/ul/li/ul/li/a/span], [[ChromeDriver: chrome on WINDOWS (a140325d82c12be470eb1002cbf12092)] -&amp;gt; xpath: //*[@id=&amp;quot;topnav_wrapper&amp;quot;]/ul/li[10]/div/div/ul/li/ul/li/a/span], [[ChromeDriver: chrome on WINDOWS (a140325d82c12be470eb1002cbf12092)] -&amp;gt; xpath: //*[@id=&amp;quot;topnav_wrapper&amp;quot;]/ul/li[10]/div/div/ul/li/ul/li/a/span], [[ChromeDriver: chrome on WINDOWS (a140325d82c12be470eb1002cbf12092)] -&amp;gt; xpath: //*[@id=&amp;quot;topnav_wrapper&amp;quot;]/ul/li[10]/div/div/ul/li/ul/li/a/span], [[ChromeDriver: chrome on WINDOWS (a140325d82c12be470eb1002cbf12092)] -&amp;gt; xpath: //*[@id=&amp;quot;topnav_wrapper&amp;quot;]/ul/li[10]/div/div/ul/li/ul/li/a/span], [[ChromeDriver: chrome on WINDOWS (a140325d82c12be470eb1002cbf12092)] -&amp;gt; xpath: //*[@id=&amp;quot;topnav_wrapper&amp;quot;]/ul/li[10]/div/div/ul/li/ul/li/a/span], [[ChromeDriver: chrome on WINDOWS (a140325d82c12be470eb1002cbf12092)] -&amp;gt; xpath: //*[@id=&amp;quot;topnav_wrapper&amp;quot;]/ul/li[10]/div/div/ul/li/ul/li/a/span], [[ChromeDriver: chrome on WINDOWS (a140325d82c12be470eb1002cbf12092)] -&amp;gt; xpath: //*[@id=&amp;quot;topnav_wrapper&amp;quot;]/ul/li[10]/div/div/ul/li/ul/li/a/span]] (tried for 15 second(s) with 500 milliseconds interval)
Build info: version: &amp;apos;4.1.1&amp;apos;, revision: &amp;apos;e8fcc2cecf&amp;apos;
System info: host: &amp;apos;DESKTOP-PHOTON&amp;apos;, ip: &amp;apos;192.168.1.11&amp;apos;, os.name: &amp;apos;Windows 10&amp;apos;, os.arch: &amp;apos;amd64&amp;apos;, os.version: &amp;apos;10.0&amp;apos;, java.version: &amp;apos;17.0.1&amp;apos;
Driver info: org.openqa.selenium.chrome.ChromeDriver
Capabilities {acceptInsecureCerts: false, browserName: chrome, browserVersion: 97.0.4692.71, chrome: {chromedriverVersion: 97.0.4692.71 (adefa7837d02a..., userDataDir: C:\Users\Photon\AppData\Loc...}, goog:chromeOptions: {debuggerAddress: localhost:60975}, javascriptEnabled: true, networkConnectionEnabled: false, pageLoadStrategy: normal, platform: WINDOWS, platformName: WINDOWS, proxy: Proxy(), se:cdp: ws://localhost:60975/devtoo..., se:cdpVersion: 97.0.4692.71, setWindowRect: true, strictFileInteractability: false, timeouts: {implicit: 0, pageLoad: 300000, script: 30000}, unhandledPromptBehavior: dismiss and notify, webauthn:extension:credBlob: true, webauthn:extension:largeBlob: true, webauthn:virtualAuthenticators: true}
Session ID: a140325d82c12be470eb1002cbf12092">
      <![CDATA[org.openqa.selenium.TimeoutException: Expected condition failed: waiting for visibility of all [[[ChromeDriver: chrome on WINDOWS (a140325d82c12be470eb1002cbf12092)] -> xpath: //*[@id="topnav_wrapper"]/ul/li[10]/div/div/ul/li/ul/li/a/span], [[ChromeDriver: chrome on WINDOWS (a140325d82c12be470eb1002cbf12092)] -> xpath: //*[@id="topnav_wrapper"]/ul/li[10]/div/div/ul/li/ul/li/a/span], [[ChromeDriver: chrome on WINDOWS (a140325d82c12be470eb1002cbf12092)] -> xpath: //*[@id="topnav_wrapper"]/ul/li[10]/div/div/ul/li/ul/li/a/span], [[ChromeDriver: chrome on WINDOWS (a140325d82c12be470eb1002cbf12092)] -> xpath: //*[@id="topnav_wrapper"]/ul/li[10]/div/div/ul/li/ul/li/a/span], [[ChromeDriver: chrome on WINDOWS (a140325d82c12be470eb1002cbf12092)] -> xpath: //*[@id="topnav_wrapper"]/ul/li[10]/div/div/ul/li/ul/li/a/span], [[ChromeDriver: chrome on WINDOWS (a140325d82c12be470eb1002cbf12092)] -> xpath: //*[@id="topnav_wrapper"]/ul/li[10]/div/div/ul/li/ul/li/a/span], [[ChromeDriver: chrome on WINDOWS (a140325d82c12be470eb1002cbf12092)] -> xpath: //*[@id="topnav_wrapper"]/ul/li[10]/div/div/ul/li/ul/li/a/span], [[ChromeDriver: chrome on WINDOWS (a140325d82c12be470eb1002cbf12092)] -> xpath: //*[@id="topnav_wrapper"]/ul/li[10]/div/div/ul/li/ul/li/a/span], [[ChromeDriver: chrome on WINDOWS (a140325d82c12be470eb1002cbf12092)] -> xpath: //*[@id="topnav_wrapper"]/ul/li[10]/div/div/ul/li/ul/li/a/span], [[ChromeDriver: chrome on WINDOWS (a140325d82c12be470eb1002cbf12092)] -> xpath: //*[@id="topnav_wrapper"]/ul/li[10]/div/div/ul/li/ul/li/a/span], [[ChromeDriver: chrome on WINDOWS (a140325d82c12be470eb1002cbf12092)] -> xpath: //*[@id="topnav_wrapper"]/ul/li[10]/div/div/ul/li/ul/li/a/span], [[ChromeDriver: chrome on WINDOWS (a140325d82c12be470eb1002cbf12092)] -> xpath: //*[@id="topnav_wrapper"]/ul/li[10]/div/div/ul/li/ul/li/a/span], [[ChromeDriver: chrome on WINDOWS (a140325d82c12be470eb1002cbf12092)] -> xpath: //*[@id="topnav_wrapper"]/ul/li[10]/div/div/ul/li/ul/li/a/span], [[ChromeDriver: chrome on WINDOWS (a140325d82c12be470eb1002cbf12092)] -> xpath: //*[@id="topnav_wrapper"]/ul/li[10]/div/div/ul/li/ul/li/a/span], [[ChromeDriver: chrome on WINDOWS (a140325d82c12be470eb1002cbf12092)] -> xpath: //*[@id="topnav_wrapper"]/ul/li[10]/div/div/ul/li/ul/li/a/span], [[ChromeDriver: chrome on WINDOWS (a140325d82c12be470eb1002cbf12092)] -> xpath: //*[@id="topnav_wrapper"]/ul/li[10]/div/div/ul/li/ul/li/a/span], [[ChromeDriver: chrome on WINDOWS (a140325d82c12be470eb1002cbf12092)] -> xpath: //*[@id="topnav_wrapper"]/ul/li[10]/div/div/ul/li/ul/li/a/span], [[ChromeDriver: chrome on WINDOWS (a140325d82c12be470eb1002cbf12092)] -> xpath: //*[@id="topnav_wrapper"]/ul/li[10]/div/div/ul/li/ul/li/a/span], [[ChromeDriver: chrome on WINDOWS (a140325d82c12be470eb1002cbf12092)] -> xpath: //*[@id="topnav_wrapper"]/ul/li[10]/div/div/ul/li/ul/li/a/span], [[ChromeDriver: chrome on WINDOWS (a140325d82c12be470eb1002cbf12092)] -> xpath: //*[@id="topnav_wrapper"]/ul/li[10]/div/div/ul/li/ul/li/a/span]] (tried for 15 second(s) with 500 milliseconds interval)
Build info: version: '4.1.1', revision: 'e8fcc2cecf'
System info: host: 'DESKTOP-PHOTON', ip: '192.168.1.11', os.name: 'Windows 10', os.arch: 'amd64', os.version: '10.0', java.version: '17.0.1'
Driver info: org.openqa.selenium.chrome.ChromeDriver
Capabilities {acceptInsecureCerts: false, browserName: chrome, browserVersion: 97.0.4692.71, chrome: {chromedriverVersion: 97.0.4692.71 (adefa7837d02a..., userDataDir: C:\Users\Photon\AppData\Loc...}, goog:chromeOptions: {debuggerAddress: localhost:60975}, javascriptEnabled: true, networkConnectionEnabled: false, pageLoadStrategy: normal, platform: WINDOWS, platformName: WINDOWS, proxy: Proxy(), se:cdp: ws://localhost:60975/devtoo..., se:cdpVersion: 97.0.4692.71, setWindowRect: true, strictFileInteractability: false, timeouts: {implicit: 0, pageLoad: 300000, script: 30000}, unhandledPromptBehavior: dismiss and notify, webauthn:extension:credBlob: true, webauthn:extension:largeBlob: true, webauthn:virtualAuthenticators: true}
Session ID: a140325d82c12be470eb1002cbf12092
at org.openqa.selenium.support.ui.WebDriverWait.timeoutException(WebDriverWait.java:138)
at org.openqa.selenium.support.ui.FluentWait.until(FluentWait.java:231)
at pageClasses.LandingPage.visibilityOfBeingAtHome(LandingPage.java:54)
at testClasses.UrbanLadderHomePage.testVisibilityOfBeingAtHome(UrbanLadderHomePage.java:97)
at java.base/jdk.internal.reflect.NativeMethodAccessorImpl.invoke0(Native Method)
at java.base/jdk.internal.reflect.NativeMethodAccessorImpl.invoke(NativeMethodAccessorImpl.java:77)
at java.base/jdk.internal.reflect.DelegatingMethodAccessorImpl.invoke(DelegatingMethodAccessorImpl.java:43)
at java.base/java.lang.reflect.Method.invoke(Method.java:568)
at org.testng.internal.MethodInvocationHelper.invokeMethod(MethodInvocationHelper.java:133)
at org.testng.internal.TestInvoker.invokeMethod(TestInvoker.java:598)
at org.testng.internal.TestInvoker.invokeTestMethod(TestInvoker.java:173)
at org.testng.internal.MethodRunner.runInSequence(MethodRunner.java:46)
at org.testng.internal.TestInvoker$MethodInvocationAgent.invoke(TestInvoker.java:824)
at org.testng.internal.TestInvoker.invokeTestMethods(TestInvoker.java:146)
at org.testng.internal.TestMethodWorker.invokeTestMethods(TestMethodWorker.java:146)
at org.testng.internal.TestMethodWorker.run(TestMethodWorker.java:128)
at java.base/java.util.ArrayList.forEach(ArrayList.java:1511)
at org.testng.TestRunner.privateRun(TestRunner.java:794)
at org.testng.TestRunner.run(TestRunner.java:596)
at org.testng.SuiteRunner.runTest(SuiteRunner.java:377)
at org.testng.SuiteRunner.runSequentially(SuiteRunner.java:371)
at org.testng.SuiteRunner.privateRun(SuiteRunner.java:332)
at org.testng.SuiteRunner.run(SuiteRunner.java:276)
at org.testng.SuiteRunnerWorker.runSuite(SuiteRunnerWorker.java:53)
at org.testng.SuiteRunnerWorker.run(SuiteRunnerWorker.java:96)
at org.testng.TestNG.runSuitesSequentially(TestNG.java:1212)
at org.testng.TestNG.runSuitesLocally(TestNG.java:1134)
at org.testng.TestNG.runSuites(TestNG.java:1063)
at org.testng.TestNG.run(TestNG.java:1031)
at org.testng.remote.AbstractRemoteTestNG.run(AbstractRemoteTestNG.java:115)
at org.testng.remote.RemoteTestNG.initAndRun(RemoteTestNG.java:251)
at org.testng.remote.RemoteTestNG.main(RemoteTestNG.java:77)
]]>
    </failure>
  </testcase> <!-- testVisibilityOfBeingAtHome -->
  <testcase classname="testClasses.UrbanLadderHomePage" name="testSubMenu" time="0.0">
    <skipped/>
  </testcase> <!-- testSubMenu -->
  <testcase classname="testClasses.UrbanLadderHomePage" name="testStudyMenu" time="1.179"/>
  <testcase classname="testClasses.UrbanLadderHomePage" name="testStudyChairs" time="0.308"/>
  <testcase classname="testClasses.UrbanLadderHomePage" name="testFurnitureRange" time="0.226"/>
  <testcase classname="testClasses.UrbanLadderHomePage" name="testClickAbilityOfFurnitureRange" time="0.371"/>
  <testcase classname="testClasses.UrbanLadderHomePage" name="testVisibilityOfFilters" time="6.339"/>
  <testcase classname="testClasses.UrbanLadderHomePage" name="testVisibilityOfStockCheckBox" time="0.029"/>
  <testcase classname="testClasses.UrbanLadderHomePage" name="testVisibilityOfSortByOption" time="0.029"/>
  <testcase classname="testClasses.UrbanLadderHomePage" name="printBookshelvesDetailsIncluding" time="8.22"/>
  <testcase classname="testClasses.UrbanLadderHomePage" name="printBookshelvesDetailsExcluding" time="5.34"/>
</testsuite> <!-- Default test -->
