<?xml version="1.0" encoding="UTF-8"?>
<testng-results skipped="0" failed="0" ignored="0" total="1" passed="1">
  <reporter-output>
  </reporter-output>
  <suite name="Surefire suite" duration-ms="26" started-at="2022-01-12T07:05:38Z" finished-at="2022-01-12T07:05:38Z">
    <groups>
    </groups>
    <test name="Surefire test" duration-ms="26" started-at="2022-01-12T07:05:38Z" finished-at="2022-01-12T07:05:38Z">
      <class name="comhackathon.displayBookshelves.AppTest">
        <test-method status="PASS" signature="shouldAnswerWithTrue()[pri:0, instance:comhackathon.displayBookshelves.AppTest@2cb4c3ab]" name="shouldAnswerWithTrue" duration-ms="6" started-at="2022-01-12T07:05:38Z" finished-at="2022-01-12T07:05:38Z">
          <reporter-output>
          </reporter-output>
        </test-method> <!-- shouldAnswerWithTrue -->
      </class> <!-- comhackathon.displayBookshelves.AppTest -->
    </test> <!-- Surefire test -->
  </suite> <!-- Surefire suite -->
</testng-results>
